[debug] [2025-12-15T15:06:32.146Z] ----------------------------------------------------------------------
[debug] [2025-12-15T15:06:32.148Z] Command:       C:\Program Files\nodejs\node.exe C:\Users\adamb\AppData\Roaming\npm\node_modules\firebase-tools\lib\bin\firebase.js deploy
[debug] [2025-12-15T15:06:32.148Z] CLI Version:   14.26.0
[debug] [2025-12-15T15:06:32.148Z] Platform:      win32
[debug] [2025-12-15T15:06:32.148Z] Node Version:  v22.20.0
[debug] [2025-12-15T15:06:32.148Z] Time:          Mon Dec 15 2025 10:06:32 GMT-0500 (Eastern Standard Time)
[debug] [2025-12-15T15:06:32.148Z] ----------------------------------------------------------------------
[debug] 
[debug] [2025-12-15T15:06:32.150Z] >>> [apiv2][query] GET https://firebase-public.firebaseio.com/cli.json [none]
[debug] [2025-12-15T15:06:32.321Z] > command requires scopes: ["email","openid","https://www.googleapis.com/auth/cloudplatformprojects.readonly","https://www.googleapis.com/auth/firebase","https://www.googleapis.com/auth/cloud-platform"]
[debug] [2025-12-15T15:06:32.321Z] > authorizing via signed-in user (adambyle712@gmail.com)
[debug] [2025-12-15T15:06:32.321Z] [iam] checking project calvin-caravan for permissions ["datastore.indexes.create","datastore.indexes.delete","datastore.indexes.list","datastore.indexes.update","firebase.projects.get","firebasehosting.sites.update"]
[debug] [2025-12-15T15:06:32.321Z] Checked if tokens are valid: false, expires at: 1765482801906
[debug] [2025-12-15T15:06:32.321Z] Checked if tokens are valid: false, expires at: 1765482801906
[debug] [2025-12-15T15:06:32.322Z] > refreshing access token with scopes: []
[debug] [2025-12-15T15:06:32.322Z] >>> [apiv2][query] POST https://www.googleapis.com/oauth2/v3/token [none]
[debug] [2025-12-15T15:06:32.322Z] >>> [apiv2][body] POST https://www.googleapis.com/oauth2/v3/token [omitted]
[debug] [2025-12-15T15:06:32.501Z] <<< [apiv2][status] GET https://firebase-public.firebaseio.com/cli.json 200
[debug] [2025-12-15T15:06:32.501Z] <<< [apiv2][body] GET https://firebase-public.firebaseio.com/cli.json {"cloudBuildErrorAfter":1594252800000,"cloudBuildWarnAfter":1590019200000,"defaultNode10After":1594252800000,"minVersion":"3.0.5","node8DeploysDisabledAfter":1613390400000,"node8RuntimeDisabledAfter":1615809600000,"node8WarnAfter":1600128000000}
[debug] [2025-12-15T15:06:32.654Z] <<< [apiv2][status] POST https://www.googleapis.com/oauth2/v3/token 200
[debug] [2025-12-15T15:06:32.654Z] <<< [apiv2][body] POST https://www.googleapis.com/oauth2/v3/token [omitted]
[debug] [2025-12-15T15:06:32.658Z] >>> [apiv2][query] POST https://cloudresourcemanager.googleapis.com/v1/projects/calvin-caravan:testIamPermissions [none]
[debug] [2025-12-15T15:06:32.658Z] >>> [apiv2][(partial)header] POST https://cloudresourcemanager.googleapis.com/v1/projects/calvin-caravan:testIamPermissions x-goog-quota-user=projects/calvin-caravan
[debug] [2025-12-15T15:06:32.658Z] >>> [apiv2][body] POST https://cloudresourcemanager.googleapis.com/v1/projects/calvin-caravan:testIamPermissions {"permissions":["datastore.indexes.create","datastore.indexes.delete","datastore.indexes.list","datastore.indexes.update","firebase.projects.get","firebasehosting.sites.update"]}
[debug] [2025-12-15T15:06:33.265Z] <<< [apiv2][status] POST https://cloudresourcemanager.googleapis.com/v1/projects/calvin-caravan:testIamPermissions 200
[debug] [2025-12-15T15:06:33.265Z] <<< [apiv2][body] POST https://cloudresourcemanager.googleapis.com/v1/projects/calvin-caravan:testIamPermissions {"permissions":["datastore.indexes.create","datastore.indexes.delete","datastore.indexes.list","datastore.indexes.update","firebase.projects.get","firebasehosting.sites.update"]}
[debug] [2025-12-15T15:06:33.266Z] Checked if tokens are valid: true, expires at: 1765814791654
[debug] [2025-12-15T15:06:33.266Z] Checked if tokens are valid: true, expires at: 1765814791654
[debug] [2025-12-15T15:06:33.266Z] >>> [apiv2][query] GET https://firebase.googleapis.com/v1beta1/projects/calvin-caravan [none]
[debug] [2025-12-15T15:06:33.579Z] <<< [apiv2][status] GET https://firebase.googleapis.com/v1beta1/projects/calvin-caravan 200
[debug] [2025-12-15T15:06:33.580Z] <<< [apiv2][body] GET https://firebase.googleapis.com/v1beta1/projects/calvin-caravan {"projectId":"calvin-caravan","projectNumber":"217391474028","displayName":"calvin-caravan","name":"projects/calvin-caravan","resources":{"hostingSite":"calvin-caravan"},"state":"ACTIVE","etag":"1_d8ca3299-b69a-4307-8179-2e73a902e900"}
[info] 
[info] === Deploying to 'calvin-caravan'...
[info] 
[info] i  deploying firestore, hosting 
[info] i  firestore: ensuring required API firestore.googleapis.com is enabled... 
[info] i  firestore: ensuring required API firestore.googleapis.com is enabled... 
[debug] [2025-12-15T15:06:33.583Z] Checked if tokens are valid: true, expires at: 1765814791654
[debug] [2025-12-15T15:06:33.583Z] Checked if tokens are valid: true, expires at: 1765814791654
[debug] [2025-12-15T15:06:33.583Z] >>> [apiv2][query] GET https://firestore.googleapis.com/v1/projects/calvin-caravan/databases/(default) [none]
[debug] [2025-12-15T15:06:33.779Z] <<< [apiv2][status] GET https://firestore.googleapis.com/v1/projects/calvin-caravan/databases/(default) 200
[debug] [2025-12-15T15:06:33.780Z] <<< [apiv2][body] GET https://firestore.googleapis.com/v1/projects/calvin-caravan/databases/(default) {"name":"projects/calvin-caravan/databases/(default)","uid":"5a54b782-786b-459e-b242-ecd4f3ed18b7","createTime":"2025-11-29T04:31:58.716030Z","updateTime":"2025-11-29T04:31:58.716030Z","locationId":"nam5","type":"FIRESTORE_NATIVE","concurrencyMode":"PESSIMISTIC","versionRetentionPeriod":"3600s","earliestVersionTime":"2025-12-15T14:06:33.109227Z","appEngineIntegrationMode":"DISABLED","keyPrefix":"s","pointInTimeRecoveryEnablement":"POINT_IN_TIME_RECOVERY_DISABLED","deleteProtectionState":"DELETE_PROTECTION_DISABLED","databaseEdition":"STANDARD","freeTier":true,"realtimeUpdatesMode":"REALTIME_UPDATES_MODE_ENABLED","etag":"IJOwn6fvv5EDMJyqruPDlpED"}
[info] i  firestore: reading indexes from firestore.indexes.json... 
[info] i  cloud.firestore: checking firestore.rules for compilation errors... 
[debug] [2025-12-15T15:06:33.781Z] Checked if tokens are valid: true, expires at: 1765814791654
[debug] [2025-12-15T15:06:33.781Z] Checked if tokens are valid: true, expires at: 1765814791654
[debug] [2025-12-15T15:06:33.782Z] >>> [apiv2][query] POST https://firebaserules.googleapis.com/v1/projects/calvin-caravan:test [none]
[debug] [2025-12-15T15:06:33.782Z] >>> [apiv2][body] POST https://firebaserules.googleapis.com/v1/projects/calvin-caravan:test [omitted]
[debug] [2025-12-15T15:06:34.166Z] <<< [apiv2][status] POST https://firebaserules.googleapis.com/v1/projects/calvin-caravan:test 200
[debug] [2025-12-15T15:06:34.166Z] <<< [apiv2][body] POST https://firebaserules.googleapis.com/v1/projects/calvin-caravan:test {}
[info] +  cloud.firestore: rules file firestore.rules compiled successfully 
[debug] [2025-12-15T15:06:34.168Z] Checked if tokens are valid: true, expires at: 1765814791654
[debug] [2025-12-15T15:06:34.168Z] Checked if tokens are valid: true, expires at: 1765814791654
[debug] [2025-12-15T15:06:34.168Z] >>> [apiv2][query] POST https://firebasehosting.googleapis.com/v1beta1/projects/-/sites/calvin-caravan/versions [none]
[debug] [2025-12-15T15:06:34.168Z] >>> [apiv2][body] POST https://firebasehosting.googleapis.com/v1beta1/projects/-/sites/calvin-caravan/versions {"status":"CREATED","labels":{"deployment-tool":"cli-firebase"}}
